[[2023-01-29][13:06:49.837]] [ERROR][rocket_dyn_templates::tera_templates] [Failed to initialize Tera templating.]
[[2023-01-29][13:06:49.837]] [INFO][_] [Failed to parse "/Users/collegia/Documents/projects/Rust/rust-learning/Modular/src/views/users/index.html.tera"]
[[2023-01-29][13:06:49.838]] [INFO][_] [ --> 5:36
  |
5 |       <div><mark class="tag">{{loop.
  |                                    ^---
  |
  = expected `or`, `and`, `not`, `<=`, `>=`, `<`, `>`, `==`, `!=`, `+`, `-`, `*`, `/`, `%`, a filter, or a variable end (`}}`)]
[[2023-01-29][13:06:49.842]] [ERROR][_] [Template initialization failed. Aborting launch.]
[[2023-01-29][13:06:49.871]] [ERROR][rocket::error] [Rocket failed to launch due to failing fairings:]
[[2023-01-29][13:06:49.871]] [INFO][_] [Templating]
[[2023-01-29][13:07:35.363]] [INFO][rocket::launch] [🔧 Configured for debug.]
[[2023-01-29][13:07:35.363]] [INFO][rocket::launch_] [address: [1;49;39m127.0.0.1[0m]
[[2023-01-29][13:07:35.363]] [INFO][rocket::launch_] [port: [1;49;39m8000[0m]
[[2023-01-29][13:07:35.364]] [INFO][rocket::launch_] [workers: [1;49;39m8[0m]
[[2023-01-29][13:07:35.364]] [INFO][rocket::launch_] [ident: [1;49;39mRocket[0m]
[[2023-01-29][13:07:35.364]] [INFO][rocket::launch_] [limits: [1;49;39mbytes = 8KiB, data-form = 2MiB, file = 1MiB, form = 32KiB, json = 1MiB, msgpack = 1MiB, string = 8KiB[0m]
[[2023-01-29][13:07:35.364]] [INFO][rocket::launch_] [temp dir: [1;49;39m/var/folders/xw/trzbfswj39ncygp0d63nsx540000gn/T/[0m]
[[2023-01-29][13:07:35.364]] [INFO][rocket::launch_] [http/2: [1;49;39mtrue[0m]
[[2023-01-29][13:07:35.365]] [INFO][rocket::launch_] [keep-alive: [1;49;39m5[0m[1;49;39ms[0m]
[[2023-01-29][13:07:35.365]] [INFO][rocket::launch_] [tls: [1;49;39mdisabled[0m]
[[2023-01-29][13:07:35.365]] [INFO][rocket::launch_] [shutdown: [1;49;39mctrlc = true, force = true, signals = [SIGTERM], grace = 2s, mercy = 3s[0m]
[[2023-01-29][13:07:35.365]] [INFO][rocket::launch_] [log level: [1;49;39mnormal[0m]
[[2023-01-29][13:07:35.365]] [INFO][rocket::launch_] [cli colors: [1;49;39mtrue[0m]
[[2023-01-29][13:07:35.393]] [INFO][rocket::launch] [📬 [35mRoutes[0m:]
[[2023-01-29][13:07:35.394]] [INFO][rocket::launch_] [[36m([0m[37mget_users[0m[36m)[0m [32mGET[0m [34m/users?<pagination>[0m [33mtext/html[0m]
[[2023-01-29][13:07:35.394]] [INFO][rocket::launch_] [[36m([0m[37mcreate_user[0m[36m)[0m [32mPOST[0m [34m/users[0m [33mapplication/x-www-form-urlencoded[0m]
[[2023-01-29][13:07:35.394]] [INFO][rocket::launch_] [[36m([0m[37mshutdown[0m[36m)[0m [32mGET[0m [34m/shutdown[0m]
[[2023-01-29][13:07:35.394]] [INFO][rocket::launch_] [[36m([0m[37mnew_user[0m[36m)[0m [32mGET[0m [34m/users/new[0m [33mtext/html[0m]
[[2023-01-29][13:07:35.394]] [INFO][rocket::launch_] [[36m([0m[37mget_user[0m[36m)[0m [32mGET[0m [34m/users/<uuid>[0m [33mtext/html[0m]
[[2023-01-29][13:07:35.394]] [INFO][rocket::launch_] [[36m([0m[37mupdate_user[0m[36m)[0m [32mPOST[0m [34m/users/<uuid>[0m [33mapplication/x-www-form-urlencoded[0m]
[[2023-01-29][13:07:35.395]] [INFO][rocket::launch_] [[36m([0m[37mput_user[0m[36m)[0m [32mPUT[0m [34m/users/<uuid>[0m [33mapplication/x-www-form-urlencoded[0m]
[[2023-01-29][13:07:35.395]] [INFO][rocket::launch_] [[36m([0m[37mpatch_user[0m[36m)[0m [32mPATCH[0m [34m/users/<uuid>[0m [33mapplication/x-www-form-urlencoded[0m]
[[2023-01-29][13:07:35.395]] [INFO][rocket::launch_] [[36m([0m[37mdelete_user[0m[36m)[0m [32mDELETE[0m [34m/users/<uuid>[0m [33mapplication/x-www-form-urlencoded[0m]
[[2023-01-29][13:07:35.395]] [INFO][rocket::launch_] [[36m([0m[37medit_user[0m[36m)[0m [32mGET[0m [34m/users/edit/<uuid>[0m [33mtext/html[0m]
[[2023-01-29][13:07:35.395]] [INFO][rocket::launch_] [[36m([0m[37mdelete_user_entry_point[0m[36m)[0m [32mPOST[0m [34m/users/delete/<uuid>[0m [33mapplication/x-www-form-urlencoded[0m]
[[2023-01-29][13:07:35.395]] [INFO][rocket::launch_] [[36m([0m[37mget_posts[0m[36m)[0m [32mGET[0m [34m/users/<_user_uuid>/posts?<_pagination>[0m [33mtext/html[0m]
[[2023-01-29][13:07:35.395]] [INFO][rocket::launch_] [[36m([0m[37mcreate_post[0m[36m)[0m [32mPOST[0m [34m/users/<_user_uuid>/posts[0m [33mtext/html[0m]
[[2023-01-29][13:07:35.396]] [INFO][rocket::launch_] [[36m([0m[37mget_post[0m[36m)[0m [32mGET[0m [34m/users/<_user_uuid>/posts/<_uuid>[0m [33mtext/html[0m]
[[2023-01-29][13:07:35.396]] [INFO][rocket::launch_] [[36m([0m[37mdelete_post[0m[36m)[0m [32mDELETE[0m [34m/users/<_user_uuid>/posts/<_uuid>[0m [33mtext/html[0m]
[[2023-01-29][13:07:35.396]] [INFO][rocket::launch_] [[36m([0m[37mFileServer: static[0m[36m)[0m [32mGET[0m [4;34m/assets[0m[34m/<path..>[0m [[1;49;39m10[0m]]
[[2023-01-29][13:07:35.396]] [INFO][rocket::launch] [🥅 [35mCatchers[0m:]
[[2023-01-29][13:07:35.396]] [INFO][rocket::launch_] [[36m([0m[37mbad_request[0m[36m)[0m [34m400[0m]
[[2023-01-29][13:07:35.396]] [INFO][rocket::launch_] [[36m([0m[37mnot_found[0m[36m)[0m [34m404[0m]
[[2023-01-29][13:07:35.397]] [INFO][rocket::launch_] [[36m([0m[37munprocessable_entity[0m[36m)[0m [34m422[0m]
[[2023-01-29][13:07:35.397]] [INFO][rocket::launch_] [[36m([0m[37minternal_server_error[0m[36m)[0m [34m500[0m]
[[2023-01-29][13:07:35.421]] [INFO][rocket::launch] [📡 [35mFairings[0m:]
[[2023-01-29][13:07:35.422]] [INFO][rocket::launch_] [[1;49;39m'main_connection' Database Pool[0m ([1;34mignite[0m)]
[[2023-01-29][13:07:35.422]] [INFO][rocket::launch_] [[1;49;39mTemplating[0m ([1;34mignite, liftoff, request[0m)]
[[2023-01-29][13:07:35.422]] [INFO][rocket::launch_] [[1;49;39mShield[0m ([1;34mliftoff, response, singleton[0m)]
[[2023-01-29][13:07:35.442]] [INFO][rocket::shield::shield] [🛡️ [35mShield[0m:]
[[2023-01-29][13:07:35.442]] [INFO][_] [X-Frame-Options: [49;39mSAMEORIGIN[0m]
[[2023-01-29][13:07:35.442]] [INFO][_] [X-Content-Type-Options: [49;39mnosniff[0m]
[[2023-01-29][13:07:35.442]] [INFO][_] [Permissions-Policy: [49;39minterest-cohort=()[0m]
[[2023-01-29][13:07:35.446]] [INFO][rocket_dyn_templates::fairing] [📐 [35mTemplating[0m:]
[[2023-01-29][13:07:35.447]] [INFO][_] [directory: [37msrc/views[0m]
[[2023-01-29][13:07:35.447]] [INFO][_] [engines: [37m["tera"][0m]
[[2023-01-29][13:07:35.453]] [INFO][rocket::launch] [🚀 [1;49;39mRocket has launched from[0m [1;4;49;39mhttp://127.0.0.1:8000[0m]
[[2023-01-29][13:07:40.015]] [INFO][rocket::server] [[32mGET[0m [34m/users/[0m [33mtext[0m[33m/[0m[33mhtml[0m:]
[[2023-01-29][13:07:40.015]] [INFO][_] [Matched: [36m([0m[37mget_users[0m[36m)[0m [32mGET[0m [34m/users?<pagination>[0m [33mtext/html[0m]
[[2023-01-29][13:07:40.052]] [INFO][_] [[1;49;39mOutcome:[0m [49;32mSuccess[0m]
[[2023-01-29][13:07:40.062]] [INFO][_] [[32mResponse succeeded.[0m]
[[2023-01-29][13:07:40.081]] [INFO][rocket::server] [[32mGET[0m [34m/assets/mini-default.css[0m [33mtext[0m[33m/[0m[33mcss[0m:]
[[2023-01-29][13:07:40.082]] [INFO][_] [Matched: [36m([0m[37mFileServer: static[0m[36m)[0m [32mGET[0m [4;34m/assets[0m[34m/<path..>[0m [[1;49;39m10[0m]]
[[2023-01-29][13:07:40.083]] [WARN][_] [Response was `None`.]
[[2023-01-29][13:07:40.084]] [INFO][_] [[1;49;39mOutcome:[0m [49;33mForward[0m]
[[2023-01-29][13:07:40.084]] [ERROR][_] [No matching routes for [32mGET[0m [34m/assets/mini-default.css[0m [33mtext[0m[33m/[0m[33mcss[0m.]
[[2023-01-29][13:07:40.085]] [WARN][_] [Responding with registered [36m([0m[37mnot_found[0m[36m)[0m [34m404[0m catcher.]
[[2023-01-29][13:07:40.085]] [INFO][_] [[32mResponse succeeded.[0m]
[[2023-01-29][13:07:40.136]] [INFO][rocket::server] [[32mGET[0m [34m/assets/%20%20favicon.png[0m [33mimage[0m[33m/[0m[33mavif[0m:]
[[2023-01-29][13:07:40.138]] [INFO][_] [Matched: [36m([0m[37mFileServer: static[0m[36m)[0m [32mGET[0m [4;34m/assets[0m[34m/<path..>[0m [[1;49;39m10[0m]]
[[2023-01-29][13:07:40.139]] [WARN][_] [Response was `None`.]
[[2023-01-29][13:07:40.139]] [INFO][_] [[1;49;39mOutcome:[0m [49;33mForward[0m]
[[2023-01-29][13:07:40.140]] [ERROR][_] [No matching routes for [32mGET[0m [34m/assets/%20%20favicon.png[0m [33mimage[0m[33m/[0m[33mavif[0m.]
[[2023-01-29][13:07:40.141]] [WARN][_] [Responding with registered [36m([0m[37mnot_found[0m[36m)[0m [34m404[0m catcher.]
[[2023-01-29][13:07:40.142]] [INFO][_] [[32mResponse succeeded.[0m]
[[2023-01-29][13:07:46.898]] [INFO][rocket::server] [[32mGET[0m [34m/users/bf8f2099-1d15-4c93-9834-cd84d228dacb[0m [33mtext[0m[33m/[0m[33mhtml[0m:]
[[2023-01-29][13:07:46.900]] [INFO][_] [Matched: [36m([0m[37mget_user[0m[36m)[0m [32mGET[0m [34m/users/<uuid>[0m [33mtext/html[0m]
[[2023-01-29][13:07:46.906]] [INFO][_] [[1;49;39mOutcome:[0m [49;32mSuccess[0m]
[[2023-01-29][13:07:46.907]] [INFO][_] [[32mResponse succeeded.[0m]
[[2023-01-29][13:07:46.925]] [INFO][rocket::server] [[32mGET[0m [34m/assets/mini-default.css[0m [33mtext[0m[33m/[0m[33mcss[0m:]
[[2023-01-29][13:07:46.927]] [INFO][_] [Matched: [36m([0m[37mFileServer: static[0m[36m)[0m [32mGET[0m [4;34m/assets[0m[34m/<path..>[0m [[1;49;39m10[0m]]
[[2023-01-29][13:07:46.928]] [WARN][_] [Response was `None`.]
[[2023-01-29][13:07:46.929]] [INFO][_] [[1;49;39mOutcome:[0m [49;33mForward[0m]
[[2023-01-29][13:07:46.930]] [ERROR][_] [No matching routes for [32mGET[0m [34m/assets/mini-default.css[0m [33mtext[0m[33m/[0m[33mcss[0m.]
[[2023-01-29][13:07:46.931]] [WARN][_] [Responding with registered [36m([0m[37mnot_found[0m[36m)[0m [34m404[0m catcher.]
[[2023-01-29][13:07:46.932]] [INFO][_] [[32mResponse succeeded.[0m]
[[2023-01-29][13:07:51.281]] [INFO][rocket::server] [[32mGET[0m [34m/users[0m [33mtext[0m[33m/[0m[33mhtml[0m:]
[[2023-01-29][13:07:51.283]] [INFO][_] [Matched: [36m([0m[37mget_users[0m[36m)[0m [32mGET[0m [34m/users?<pagination>[0m [33mtext/html[0m]
[[2023-01-29][13:07:51.286]] [INFO][_] [[1;49;39mOutcome:[0m [49;32mSuccess[0m]
[[2023-01-29][13:07:51.287]] [INFO][_] [[32mResponse succeeded.[0m]
[[2023-01-29][13:07:51.307]] [INFO][rocket::server] [[32mGET[0m [34m/assets/mini-default.css[0m [33mtext[0m[33m/[0m[33mcss[0m:]
[[2023-01-29][13:07:51.313]] [INFO][_] [Matched: [36m([0m[37mFileServer: static[0m[36m)[0m [32mGET[0m [4;34m/assets[0m[34m/<path..>[0m [[1;49;39m10[0m]]
[[2023-01-29][13:07:51.315]] [WARN][_] [Response was `None`.]
[[2023-01-29][13:07:51.316]] [INFO][_] [[1;49;39mOutcome:[0m [49;33mForward[0m]
[[2023-01-29][13:07:51.318]] [ERROR][_] [No matching routes for [32mGET[0m [34m/assets/mini-default.css[0m [33mtext[0m[33m/[0m[33mcss[0m.]
[[2023-01-29][13:07:51.319]] [WARN][_] [Responding with registered [36m([0m[37mnot_found[0m[36m)[0m [34m404[0m catcher.]
[[2023-01-29][13:07:51.321]] [INFO][_] [[32mResponse succeeded.[0m]
[[2023-01-29][13:08:36.855]] [INFO][rocket::server] [[32mGET[0m [34m/users[0m [33mtext[0m[33m/[0m[33mhtml[0m:]
[[2023-01-29][13:08:36.857]] [INFO][_] [Matched: [36m([0m[37mget_users[0m[36m)[0m [32mGET[0m [34m/users?<pagination>[0m [33mtext/html[0m]
[[2023-01-29][13:08:36.862]] [INFO][_] [[1;49;39mOutcome:[0m [49;32mSuccess[0m]
[[2023-01-29][13:08:36.864]] [INFO][_] [[32mResponse succeeded.[0m]
[[2023-01-29][13:08:36.875]] [INFO][rocket::server] [[32mGET[0m [34m/assets/mini-default.css[0m [33mtext[0m[33m/[0m[33mcss[0m:]
[[2023-01-29][13:08:36.877]] [INFO][_] [Matched: [36m([0m[37mFileServer: static[0m[36m)[0m [32mGET[0m [4;34m/assets[0m[34m/<path..>[0m [[1;49;39m10[0m]]
[[2023-01-29][13:08:36.879]] [INFO][_] [[1;49;39mOutcome:[0m [49;32mSuccess[0m]
[[2023-01-29][13:08:36.884]] [INFO][_] [[32mResponse succeeded.[0m]
[[2023-01-29][13:08:43.482]] [INFO][rocket::server] [[32mGET[0m [34m/users/bf8f2099-1d15-4c93-9834-cd84d228dacb[0m [33mtext[0m[33m/[0m[33mhtml[0m:]
[[2023-01-29][13:08:43.483]] [INFO][_] [Matched: [36m([0m[37mget_user[0m[36m)[0m [32mGET[0m [34m/users/<uuid>[0m [33mtext/html[0m]
[[2023-01-29][13:08:43.486]] [INFO][_] [[1;49;39mOutcome:[0m [49;32mSuccess[0m]
[[2023-01-29][13:08:43.488]] [INFO][_] [[32mResponse succeeded.[0m]
[[2023-01-29][13:08:43.512]] [INFO][rocket::server] [[32mGET[0m [34m/assets/mini-default.css[0m [33mtext[0m[33m/[0m[33mcss[0m:]
[[2023-01-29][13:08:43.513]] [INFO][_] [Matched: [36m([0m[37mFileServer: static[0m[36m)[0m [32mGET[0m [4;34m/assets[0m[34m/<path..>[0m [[1;49;39m10[0m]]
[[2023-01-29][13:08:43.514]] [INFO][_] [[1;49;39mOutcome:[0m [49;32mSuccess[0m]
[[2023-01-29][13:08:43.517]] [INFO][_] [[32mResponse succeeded.[0m]
[[2023-01-29][13:08:45.331]] [INFO][rocket::server] [[32mGET[0m [34m/users[0m [33mtext[0m[33m/[0m[33mhtml[0m:]
[[2023-01-29][13:08:45.333]] [INFO][_] [Matched: [36m([0m[37mget_users[0m[36m)[0m [32mGET[0m [34m/users?<pagination>[0m [33mtext/html[0m]
[[2023-01-29][13:08:45.336]] [INFO][_] [[1;49;39mOutcome:[0m [49;32mSuccess[0m]
[[2023-01-29][13:08:45.337]] [INFO][_] [[32mResponse succeeded.[0m]
[[2023-01-29][13:08:45.358]] [INFO][rocket::server] [[32mGET[0m [34m/assets/mini-default.css[0m [33mtext[0m[33m/[0m[33mcss[0m:]
[[2023-01-29][13:08:45.359]] [INFO][_] [Matched: [36m([0m[37mFileServer: static[0m[36m)[0m [32mGET[0m [4;34m/assets[0m[34m/<path..>[0m [[1;49;39m10[0m]]
[[2023-01-29][13:08:45.360]] [INFO][_] [[1;49;39mOutcome:[0m [49;32mSuccess[0m]
[[2023-01-29][13:08:45.362]] [INFO][_] [[32mResponse succeeded.[0m]
[[2023-01-29][13:09:07.483]] [WARN][rocket::server] [Received SIGINT. Requesting shutdown.]
[[2023-01-29][13:09:07.486]] [INFO][rocket::server] [Received shutdown request. Waiting for pending I/O...]
